<?xml version="1.0" encoding="UTF-8"?>
<!-- Generated by org.testng.reporters.JUnitReportReporter -->
<testsuite skipped="3" hostname="BCPWLPMU037" name="com.learningselenium.testcases.DummyClass" tests="4" failures="0" timestamp="2021-05-28T20:03:13 IST" time="10.013" errors="1">
  <testcase name="testMethod" time="2.899" classname="com.learningselenium.testcases.DummyClass">
    <error type="java.util.NoSuchElementException">
      <![CDATA[java.util.NoSuchElementException
at com.learningselenium.testcases.DummyClass.testMethod(DummyClass.java:14)
at sun.reflect.NativeMethodAccessorImpl.invoke0(Native Method)
at sun.reflect.NativeMethodAccessorImpl.invoke(NativeMethodAccessorImpl.java:62)
at sun.reflect.DelegatingMethodAccessorImpl.invoke(DelegatingMethodAccessorImpl.java:43)
at java.lang.reflect.Method.invoke(Method.java:498)
at org.testng.internal.MethodInvocationHelper.invokeMethod(MethodInvocationHelper.java:133)
at org.testng.internal.TestInvoker.invokeMethod(TestInvoker.java:598)
at org.testng.internal.TestInvoker.retryFailed(TestInvoker.java:213)
at org.testng.internal.MethodRunner.runInSequence(MethodRunner.java:58)
at org.testng.internal.TestInvoker$MethodInvocationAgent.invoke(TestInvoker.java:824)
at org.testng.internal.TestInvoker.invokeTestMethods(TestInvoker.java:146)
at org.testng.internal.TestMethodWorker.invokeTestMethods(TestMethodWorker.java:146)
at org.testng.internal.TestMethodWorker.run(TestMethodWorker.java:128)
at java.util.ArrayList.forEach(ArrayList.java:1259)
at org.testng.TestRunner.privateRun(TestRunner.java:794)
at org.testng.TestRunner.run(TestRunner.java:596)
at org.testng.SuiteRunner.runTest(SuiteRunner.java:377)
at org.testng.SuiteRunner.runSequentially(SuiteRunner.java:371)
at org.testng.SuiteRunner.privateRun(SuiteRunner.java:332)
at org.testng.SuiteRunner.run(SuiteRunner.java:276)
at org.testng.SuiteRunnerWorker.runSuite(SuiteRunnerWorker.java:53)
at org.testng.SuiteRunnerWorker.run(SuiteRunnerWorker.java:96)
at org.testng.TestNG.runSuitesSequentially(TestNG.java:1212)
at org.testng.TestNG.runSuitesLocally(TestNG.java:1134)
at org.testng.TestNG.runSuites(TestNG.java:1063)
at org.testng.TestNG.run(TestNG.java:1031)
at org.testng.remote.AbstractRemoteTestNG.run(AbstractRemoteTestNG.java:115)
at org.testng.remote.RemoteTestNG.initAndRun(RemoteTestNG.java:251)
at org.testng.remote.RemoteTestNG.main(RemoteTestNG.java:77)
]]>
    </error>
  </testcase> <!-- testMethod -->
  <system-out>
    <![CDATA[<a target="_blank" href=FailureScreenshot_testMethod_2021-05-28_200301.jpg>Screenshot link</a>
<br>
<a target="_blank" href=FailureScreenshot_testMethod_2021-05-28_200301.jpg><img src=FailureScreenshot_testMethod_2021-05-28_200301.jpg height=200 width=200></a>]]>
  </system-out>
  <testcase name="testMethod" time="2.235" classname="com.learningselenium.testcases.DummyClass">
    <skipped/>
  </testcase> <!-- testMethod -->
  <system-out/>
  <testcase name="testMethod" time="2.636" classname="com.learningselenium.testcases.DummyClass">
    <skipped/>
  </testcase> <!-- testMethod -->
  <system-out/>
  <testcase name="testMethod" time="2.243" classname="com.learningselenium.testcases.DummyClass">
    <skipped/>
  </testcase> <!-- testMethod -->
  <system-out/>
</testsuite> <!-- com.learningselenium.testcases.DummyClass -->
